Performing C SOURCE FILE Test CMAKE_HAVE_LIBC_PTHREAD failed with the following output:
Change Dir: /home/gaurav/paranoid_ws/ParanoidGame/build/CMakeFiles/CMakeTmp

Run Build Command(s):/usr/bin/make cmTC_d2de1/fast && /usr/bin/make  -f CMakeFiles/cmTC_d2de1.dir/build.make CMakeFiles/cmTC_d2de1.dir/build
make[1]: Entering directory '/home/gaurav/paranoid_ws/ParanoidGame/build/CMakeFiles/CMakeTmp'
Building C object CMakeFiles/cmTC_d2de1.dir/src.c.o
/usr/bin/cc   -DCMAKE_HAVE_LIBC_PTHREAD   -o CMakeFiles/cmTC_d2de1.dir/src.c.o   -c /home/gaurav/paranoid_ws/ParanoidGame/build/CMakeFiles/CMakeTmp/src.c
Linking C executable cmTC_d2de1
/opt/cmake-3.17.1-Linux-x86_64/bin/cmake -E cmake_link_script CMakeFiles/cmTC_d2de1.dir/link.txt --verbose=1
/usr/bin/cc  -DCMAKE_HAVE_LIBC_PTHREAD    CMakeFiles/cmTC_d2de1.dir/src.c.o  -o cmTC_d2de1 
CMakeFiles/cmTC_d2de1.dir/src.c.o: In function `main':
src.c:(.text+0x3e): undefined reference to `pthread_create'
src.c:(.text+0x4a): undefined reference to `pthread_detach'
src.c:(.text+0x56): undefined reference to `pthread_cancel'
src.c:(.text+0x67): undefined reference to `pthread_join'
src.c:(.text+0x7b): undefined reference to `pthread_atfork'
collect2: error: ld returned 1 exit status
CMakeFiles/cmTC_d2de1.dir/build.make:106: recipe for target 'cmTC_d2de1' failed
make[1]: *** [cmTC_d2de1] Error 1
make[1]: Leaving directory '/home/gaurav/paranoid_ws/ParanoidGame/build/CMakeFiles/CMakeTmp'
Makefile:141: recipe for target 'cmTC_d2de1/fast' failed
make: *** [cmTC_d2de1/fast] Error 2


Source file was:
#include <pthread.h>

void* test_func(void* data)
{
  return data;
}

int main(void)
{
  pthread_t thread;
  pthread_create(&thread, NULL, test_func, NULL);
  pthread_detach(thread);
  pthread_cancel(thread);
  pthread_join(thread, NULL);
  pthread_atfork(NULL, NULL, NULL);
  pthread_exit(NULL);

  return 0;
}

Determining if the function pthread_create exists in the pthreads failed with the following output:
Change Dir: /home/gaurav/paranoid_ws/ParanoidGame/build/CMakeFiles/CMakeTmp

Run Build Command(s):/usr/bin/make cmTC_0d694/fast && /usr/bin/make  -f CMakeFiles/cmTC_0d694.dir/build.make CMakeFiles/cmTC_0d694.dir/build
make[1]: Entering directory '/home/gaurav/paranoid_ws/ParanoidGame/build/CMakeFiles/CMakeTmp'
Building C object CMakeFiles/cmTC_0d694.dir/CheckFunctionExists.c.o
/usr/bin/cc   -DCHECK_FUNCTION_EXISTS=pthread_create   -o CMakeFiles/cmTC_0d694.dir/CheckFunctionExists.c.o   -c /opt/cmake-3.17.1-Linux-x86_64/share/cmake-3.17/Modules/CheckFunctionExists.c
Linking C executable cmTC_0d694
/opt/cmake-3.17.1-Linux-x86_64/bin/cmake -E cmake_link_script CMakeFiles/cmTC_0d694.dir/link.txt --verbose=1
/usr/bin/cc  -DCHECK_FUNCTION_EXISTS=pthread_create    CMakeFiles/cmTC_0d694.dir/CheckFunctionExists.c.o  -o cmTC_0d694  -lpthreads 
/usr/bin/ld: cannot find -lpthreads
collect2: error: ld returned 1 exit status
CMakeFiles/cmTC_0d694.dir/build.make:106: recipe for target 'cmTC_0d694' failed
make[1]: *** [cmTC_0d694] Error 1
make[1]: Leaving directory '/home/gaurav/paranoid_ws/ParanoidGame/build/CMakeFiles/CMakeTmp'
Makefile:141: recipe for target 'cmTC_0d694/fast' failed
make: *** [cmTC_0d694/fast] Error 2



